[
  {
    "timestamp": "2016-09-03 12:00:00.782086", 
    "testcases": [
      {
        "ptsPossible": 1.0, 
        "ptsEarned": 1.0, 
        "description": "Test that camelCaser returns NULL when given NULL", 
        "name": "implementationNullTerminated", 
        "log": "Trying to compile your code...\nSuccessfully compiled your code.."
      }, 
      {
        "ptsPossible": 1.0, 
        "ptsEarned": 0.0, 
        "description": "Test that camelCaser returns an array that is null terminated", 
        "name": "implementationLastElementNull", 
        "log": "Trying to compile your code...\nSuccessfully compiled your code..\nFailed test"
      }, 
      {
        "ptsPossible": 1.0, 
        "ptsEarned": 0.0, 
        "description": "Test that camelCaser returns an array with the correct number of elements", 
        "name": "implementationCorrectNumberSentences", 
        "log": "Trying to compile your code...\nSuccessfully compiled your code..\nFailed test"
      }, 
      {
        "ptsPossible": 1.0, 
        "ptsEarned": 0.0, 
        "description": "Test that camelCaser returns an array with elements that are the correct length", 
        "name": "implementationCorrectNumberWords", 
        "log": "Trying to compile your code...\nSuccessfully compiled your code..\nFailed test"
      }, 
      {
        "ptsPossible": 1.0, 
        "ptsEarned": 0.0, 
        "description": "Test that camelCaser returns sentences with the correct capitalization", 
        "name": "implementationCorrectCapitals", 
        "log": "Trying to compile your code...\nSuccessfully compiled your code..\nFailed test"
      }, 
      {
        "ptsPossible": 1.0, 
        "ptsEarned": 0.0, 
        "description": "Test that camelCaser returns a correct array with edge case punctuation and spaces", 
        "name": "implementationMultiplePunc", 
        "log": "Trying to compile your code...\nSuccessfully compiled your code..\nFailed test"
      }, 
      {
        "ptsPossible": 1.0, 
        "ptsEarned": 0.0, 
        "description": "Test that camelCaser returns output where incomplete sentences are ignored", 
        "name": "implementationIncompleteSentences", 
        "log": "Trying to compile your code...\nSuccessfully compiled your code..\nFailed test"
      }, 
      {
        "ptsPossible": 1.0, 
        "ptsEarned": 0.0, 
        "description": "Mysterious camelCaser implementation...", 
        "name": "Function1", 
        "log": "Trying to compile your code...\nFAILED TO COMPILE!\ncamelCaser_tests.c: In function \u2018test_camelCaser\u2019:\ncamelCaser_tests.c:24:27: error: excess elements in char array initializer\n  char sol1[] = {\"heyLet\", \"sCamelcase\", NULL};\n                           ^\ncamelCaser_tests.c:24:27: note: (near initialization for \u2018sol1\u2019)\nIn file included from /usr/include/string.h:32:0,\n                 from camelCaser_tests.c:9:\ncamelCaser_tests.c:24:41: error: excess elements in struct initializer\n  char sol1[] = {\"heyLet\", \"sCamelcase\", NULL};\n                                         ^\ncamelCaser_tests.c:24:41: note: (near initialization for \u2018sol1\u2019)\ncamelCaser_tests.c:27:31: error: excess elements in struct initializer\n  char sol2[] = {\"helloWorld\", NULL};\n                               ^\ncamelCaser_tests.c:27:31: note: (near initialization for \u2018sol2\u2019)\nmake: *** [camelCaser_tests.o] Error 1\n"
      }, 
      {
        "ptsPossible": 1.0, 
        "ptsEarned": 0.0, 
        "description": "Mysterious camelCaser implementation...", 
        "name": "Function2", 
        "log": "Trying to compile your code...\nFAILED TO COMPILE!\ncamelCaser_tests.c: In function \u2018test_camelCaser\u2019:\ncamelCaser_tests.c:24:27: error: excess elements in char array initializer\n  char sol1[] = {\"heyLet\", \"sCamelcase\", NULL};\n                           ^\ncamelCaser_tests.c:24:27: note: (near initialization for \u2018sol1\u2019)\nIn file included from /usr/include/string.h:32:0,\n                 from camelCaser_tests.c:9:\ncamelCaser_tests.c:24:41: error: excess elements in struct initializer\n  char sol1[] = {\"heyLet\", \"sCamelcase\", NULL};\n                                         ^\ncamelCaser_tests.c:24:41: note: (near initialization for \u2018sol1\u2019)\ncamelCaser_tests.c:27:31: error: excess elements in struct initializer\n  char sol2[] = {\"helloWorld\", NULL};\n                               ^\ncamelCaser_tests.c:27:31: note: (near initialization for \u2018sol2\u2019)\nmake: *** [camelCaser_tests.o] Error 1\n"
      }, 
      {
        "ptsPossible": 1.0, 
        "ptsEarned": 0.0, 
        "description": "Mysterious camelCaser implementation...", 
        "name": "Function3", 
        "log": "Trying to compile your code...\nFAILED TO COMPILE!\ncc_no_end_null.c: In function \u2018camel_caser\u2019:\ncc_no_end_null.c:29:34: warning: assignment makes pointer from integer without a cast [-Wint-conversion]\n     result_array[sentence_count] = 'o'; // Bad Code\n                                  ^\ncamelCaser_tests.c: In function \u2018test_camelCaser\u2019:\ncamelCaser_tests.c:24:27: error: excess elements in char array initializer\n  char sol1[] = {\"heyLet\", \"sCamelcase\", NULL};\n                           ^\ncamelCaser_tests.c:24:27: note: (near initialization for \u2018sol1\u2019)\nIn file included from /usr/include/string.h:32:0,\n                 from camelCaser_tests.c:9:\ncamelCaser_tests.c:24:41: error: excess elements in struct initializer\n  char sol1[] = {\"heyLet\", \"sCamelcase\", NULL};\n                                         ^\ncamelCaser_tests.c:24:41: note: (near initialization for \u2018sol1\u2019)\ncamelCaser_tests.c:27:31: error: excess elements in struct initializer\n  char sol2[] = {\"helloWorld\", NULL};\n                               ^\ncamelCaser_tests.c:27:31: note: (near initialization for \u2018sol2\u2019)\nmake: *** [camelCaser_tests.o] Error 1\n"
      }, 
      {
        "ptsPossible": 1.0, 
        "ptsEarned": 0.0, 
        "description": "Mysterious camelCaser implementation...", 
        "name": "Function4", 
        "log": "Trying to compile your code...\nFAILED TO COMPILE!\ncamelCaser_tests.c: In function \u2018test_camelCaser\u2019:\ncamelCaser_tests.c:24:27: error: excess elements in char array initializer\n  char sol1[] = {\"heyLet\", \"sCamelcase\", NULL};\n                           ^\ncamelCaser_tests.c:24:27: note: (near initialization for \u2018sol1\u2019)\nIn file included from /usr/include/string.h:32:0,\n                 from camelCaser_tests.c:9:\ncamelCaser_tests.c:24:41: error: excess elements in struct initializer\n  char sol1[] = {\"heyLet\", \"sCamelcase\", NULL};\n                                         ^\ncamelCaser_tests.c:24:41: note: (near initialization for \u2018sol1\u2019)\ncamelCaser_tests.c:27:31: error: excess elements in struct initializer\n  char sol2[] = {\"helloWorld\", NULL};\n                               ^\ncamelCaser_tests.c:27:31: note: (near initialization for \u2018sol2\u2019)\nmake: *** [camelCaser_tests.o] Error 1\n"
      }, 
      {
        "ptsPossible": 1.0, 
        "ptsEarned": 0.0, 
        "description": "Mysterious camelCaser implementation...", 
        "name": "Function5", 
        "log": "Trying to compile your code...\nFAILED TO COMPILE!\ncamelCaser_tests.c: In function \u2018test_camelCaser\u2019:\ncamelCaser_tests.c:24:27: error: excess elements in char array initializer\n  char sol1[] = {\"heyLet\", \"sCamelcase\", NULL};\n                           ^\ncamelCaser_tests.c:24:27: note: (near initialization for \u2018sol1\u2019)\nIn file included from /usr/include/string.h:32:0,\n                 from camelCaser_tests.c:9:\ncamelCaser_tests.c:24:41: error: excess elements in struct initializer\n  char sol1[] = {\"heyLet\", \"sCamelcase\", NULL};\n                                         ^\ncamelCaser_tests.c:24:41: note: (near initialization for \u2018sol1\u2019)\ncamelCaser_tests.c:27:31: error: excess elements in struct initializer\n  char sol2[] = {\"helloWorld\", NULL};\n                               ^\ncamelCaser_tests.c:27:31: note: (near initialization for \u2018sol2\u2019)\nmake: *** [camelCaser_tests.o] Error 1\n"
      }, 
      {
        "ptsPossible": 1.0, 
        "ptsEarned": 0.0, 
        "description": "Mysterious camelCaser implementation...", 
        "name": "Function6", 
        "log": "Trying to compile your code...\nFAILED TO COMPILE!\ncamelCaser_tests.c: In function \u2018test_camelCaser\u2019:\ncamelCaser_tests.c:24:27: error: excess elements in char array initializer\n  char sol1[] = {\"heyLet\", \"sCamelcase\", NULL};\n                           ^\ncamelCaser_tests.c:24:27: note: (near initialization for \u2018sol1\u2019)\nIn file included from /usr/include/string.h:32:0,\n                 from camelCaser_tests.c:9:\ncamelCaser_tests.c:24:41: error: excess elements in struct initializer\n  char sol1[] = {\"heyLet\", \"sCamelcase\", NULL};\n                                         ^\ncamelCaser_tests.c:24:41: note: (near initialization for \u2018sol1\u2019)\ncamelCaser_tests.c:27:31: error: excess elements in struct initializer\n  char sol2[] = {\"helloWorld\", NULL};\n                               ^\ncamelCaser_tests.c:27:31: note: (near initialization for \u2018sol2\u2019)\nmake: *** [camelCaser_tests.o] Error 1\n"
      }, 
      {
        "ptsPossible": 1.0, 
        "ptsEarned": 0.0, 
        "description": "Mysterious camelCaser implementation...", 
        "name": "Function7", 
        "log": "Trying to compile your code...\nFAILED TO COMPILE!\ncamelCaser_tests.c: In function \u2018test_camelCaser\u2019:\ncamelCaser_tests.c:24:27: error: excess elements in char array initializer\n  char sol1[] = {\"heyLet\", \"sCamelcase\", NULL};\n                           ^\ncamelCaser_tests.c:24:27: note: (near initialization for \u2018sol1\u2019)\nIn file included from /usr/include/string.h:32:0,\n                 from camelCaser_tests.c:9:\ncamelCaser_tests.c:24:41: error: excess elements in struct initializer\n  char sol1[] = {\"heyLet\", \"sCamelcase\", NULL};\n                                         ^\ncamelCaser_tests.c:24:41: note: (near initialization for \u2018sol1\u2019)\ncamelCaser_tests.c:27:31: error: excess elements in struct initializer\n  char sol2[] = {\"helloWorld\", NULL};\n                               ^\ncamelCaser_tests.c:27:31: note: (near initialization for \u2018sol2\u2019)\nmake: *** [camelCaser_tests.o] Error 1\n"
      }, 
      {
        "ptsPossible": 1.0, 
        "ptsEarned": 0.0, 
        "description": "Mysterious camelCaser implementation...", 
        "name": "Function8", 
        "log": "Trying to compile your code...\nFAILED TO COMPILE!\ncamelCaser_tests.c: In function \u2018test_camelCaser\u2019:\ncamelCaser_tests.c:24:27: error: excess elements in char array initializer\n  char sol1[] = {\"heyLet\", \"sCamelcase\", NULL};\n                           ^\ncamelCaser_tests.c:24:27: note: (near initialization for \u2018sol1\u2019)\nIn file included from /usr/include/string.h:32:0,\n                 from camelCaser_tests.c:9:\ncamelCaser_tests.c:24:41: error: excess elements in struct initializer\n  char sol1[] = {\"heyLet\", \"sCamelcase\", NULL};\n                                         ^\ncamelCaser_tests.c:24:41: note: (near initialization for \u2018sol1\u2019)\ncamelCaser_tests.c:27:31: error: excess elements in struct initializer\n  char sol2[] = {\"helloWorld\", NULL};\n                               ^\ncamelCaser_tests.c:27:31: note: (near initialization for \u2018sol2\u2019)\nmake: *** [camelCaser_tests.o] Error 1\n"
      }, 
      {
        "ptsPossible": 1.0, 
        "ptsEarned": 0.0, 
        "description": "Mysterious camelCaser implementation...", 
        "name": "Function9", 
        "log": "Trying to compile your code...\nFAILED TO COMPILE!\ncamelCaser_tests.c: In function \u2018test_camelCaser\u2019:\ncamelCaser_tests.c:24:27: error: excess elements in char array initializer\n  char sol1[] = {\"heyLet\", \"sCamelcase\", NULL};\n                           ^\ncamelCaser_tests.c:24:27: note: (near initialization for \u2018sol1\u2019)\nIn file included from /usr/include/string.h:32:0,\n                 from camelCaser_tests.c:9:\ncamelCaser_tests.c:24:41: error: excess elements in struct initializer\n  char sol1[] = {\"heyLet\", \"sCamelcase\", NULL};\n                                         ^\ncamelCaser_tests.c:24:41: note: (near initialization for \u2018sol1\u2019)\ncamelCaser_tests.c:27:31: error: excess elements in struct initializer\n  char sol2[] = {\"helloWorld\", NULL};\n                               ^\ncamelCaser_tests.c:27:31: note: (near initialization for \u2018sol2\u2019)\nmake: *** [camelCaser_tests.o] Error 1\n"
      }, 
      {
        "ptsPossible": 1.0, 
        "ptsEarned": 0.0, 
        "description": "Mysterious camelCaser implementation...", 
        "name": "Function10", 
        "log": "Trying to compile your code...\nFAILED TO COMPILE!\ncamelCaser_tests.c: In function \u2018test_camelCaser\u2019:\ncamelCaser_tests.c:24:27: error: excess elements in char array initializer\n  char sol1[] = {\"heyLet\", \"sCamelcase\", NULL};\n                           ^\ncamelCaser_tests.c:24:27: note: (near initialization for \u2018sol1\u2019)\nIn file included from /usr/include/string.h:32:0,\n                 from camelCaser_tests.c:9:\ncamelCaser_tests.c:24:41: error: excess elements in struct initializer\n  char sol1[] = {\"heyLet\", \"sCamelcase\", NULL};\n                                         ^\ncamelCaser_tests.c:24:41: note: (near initialization for \u2018sol1\u2019)\ncamelCaser_tests.c:27:31: error: excess elements in struct initializer\n  char sol2[] = {\"helloWorld\", NULL};\n                               ^\ncamelCaser_tests.c:27:31: note: (near initialization for \u2018sol2\u2019)\nmake: *** [camelCaser_tests.o] Error 1\n"
      }
    ], 
    "revision": "4400", 
    "checksum": "b670beb1f21092c3c7066d71e5a6b7a129f48c94  camelCaser.c\n0f16e85b589ae49e8517ad9f20e1fc03aefbb720  camelCaser_tests.c"
  }, 
  {
    "timestamp": "2016-09-04 12:00:00.806657", 
    "testcases": [
      {
        "description": "Test that camelCaser returns NULL when given NULL", 
        "ptsEarned": 1.0, 
        "log": "Trying to compile your code...\nSuccessfully compiled your code..", 
        "name": "implementationNullTerminated", 
        "ptsPossible": 1.0
      }, 
      {
        "description": "Test that camelCaser returns an array that is null terminated", 
        "ptsEarned": 0.0, 
        "log": "Trying to compile your code...\nSuccessfully compiled your code..\nFailed test", 
        "name": "implementationLastElementNull", 
        "ptsPossible": 1.0
      }, 
      {
        "description": "Test that camelCaser returns an array with the correct number of elements", 
        "ptsEarned": 0.0, 
        "log": "Trying to compile your code...\nSuccessfully compiled your code..\nFailed test", 
        "name": "implementationCorrectNumberSentences", 
        "ptsPossible": 1.0
      }, 
      {
        "description": "Test that camelCaser returns an array with elements that are the correct length", 
        "ptsEarned": 0.0, 
        "log": "Trying to compile your code...\nSuccessfully compiled your code..\nFailed test", 
        "name": "implementationCorrectNumberWords", 
        "ptsPossible": 1.0
      }, 
      {
        "description": "Test that camelCaser returns sentences with the correct capitalization", 
        "ptsEarned": 0.0, 
        "log": "Trying to compile your code...\nSuccessfully compiled your code..\nFailed test", 
        "name": "implementationCorrectCapitals", 
        "ptsPossible": 1.0
      }, 
      {
        "description": "Test that camelCaser returns a correct array with edge case punctuation and spaces", 
        "ptsEarned": 0.0, 
        "log": "Trying to compile your code...\nSuccessfully compiled your code..\nFailed test", 
        "name": "implementationMultiplePunc", 
        "ptsPossible": 1.0
      }, 
      {
        "description": "Test that camelCaser returns output where incomplete sentences are ignored", 
        "ptsEarned": 0.0, 
        "log": "Trying to compile your code...\nSuccessfully compiled your code..\nFailed test", 
        "name": "implementationIncompleteSentences", 
        "ptsPossible": 1.0
      }, 
      {
        "description": "Mysterious camelCaser implementation...", 
        "ptsEarned": 0.0, 
        "log": "Trying to compile your code...\nFAILED TO COMPILE!\ncamelCaser_tests.c: In function \u2018test_camelCaser\u2019:\ncamelCaser_tests.c:24:27: error: excess elements in char array initializer\n  char sol1[] = {\"heyLet\", \"sCamelcase\", NULL};\n                           ^\ncamelCaser_tests.c:24:27: note: (near initialization for \u2018sol1\u2019)\nIn file included from /usr/include/string.h:32:0,\n                 from camelCaser_tests.c:9:\ncamelCaser_tests.c:24:41: error: excess elements in struct initializer\n  char sol1[] = {\"heyLet\", \"sCamelcase\", NULL};\n                                         ^\ncamelCaser_tests.c:24:41: note: (near initialization for \u2018sol1\u2019)\ncamelCaser_tests.c:27:31: error: excess elements in struct initializer\n  char sol2[] = {\"helloWorld\", NULL};\n                               ^\ncamelCaser_tests.c:27:31: note: (near initialization for \u2018sol2\u2019)\nmake: *** [camelCaser_tests.o] Error 1\n", 
        "name": "Function1", 
        "ptsPossible": 1.0
      }, 
      {
        "description": "Mysterious camelCaser implementation...", 
        "ptsEarned": 0.0, 
        "log": "Trying to compile your code...\nFAILED TO COMPILE!\ncamelCaser_tests.c: In function \u2018test_camelCaser\u2019:\ncamelCaser_tests.c:24:27: error: excess elements in char array initializer\n  char sol1[] = {\"heyLet\", \"sCamelcase\", NULL};\n                           ^\ncamelCaser_tests.c:24:27: note: (near initialization for \u2018sol1\u2019)\nIn file included from /usr/include/string.h:32:0,\n                 from camelCaser_tests.c:9:\ncamelCaser_tests.c:24:41: error: excess elements in struct initializer\n  char sol1[] = {\"heyLet\", \"sCamelcase\", NULL};\n                                         ^\ncamelCaser_tests.c:24:41: note: (near initialization for \u2018sol1\u2019)\ncamelCaser_tests.c:27:31: error: excess elements in struct initializer\n  char sol2[] = {\"helloWorld\", NULL};\n                               ^\ncamelCaser_tests.c:27:31: note: (near initialization for \u2018sol2\u2019)\nmake: *** [camelCaser_tests.o] Error 1\n", 
        "name": "Function2", 
        "ptsPossible": 1.0
      }, 
      {
        "description": "Mysterious camelCaser implementation...", 
        "ptsEarned": 0.0, 
        "log": "Trying to compile your code...\nFAILED TO COMPILE!\ncc_no_end_null.c: In function \u2018camel_caser\u2019:\ncc_no_end_null.c:29:34: warning: assignment makes pointer from integer without a cast [-Wint-conversion]\n     result_array[sentence_count] = 'o'; // Bad Code\n                                  ^\ncamelCaser_tests.c: In function \u2018test_camelCaser\u2019:\ncamelCaser_tests.c:24:27: error: excess elements in char array initializer\n  char sol1[] = {\"heyLet\", \"sCamelcase\", NULL};\n                           ^\ncamelCaser_tests.c:24:27: note: (near initialization for \u2018sol1\u2019)\nIn file included from /usr/include/string.h:32:0,\n                 from camelCaser_tests.c:9:\ncamelCaser_tests.c:24:41: error: excess elements in struct initializer\n  char sol1[] = {\"heyLet\", \"sCamelcase\", NULL};\n                                         ^\ncamelCaser_tests.c:24:41: note: (near initialization for \u2018sol1\u2019)\ncamelCaser_tests.c:27:31: error: excess elements in struct initializer\n  char sol2[] = {\"helloWorld\", NULL};\n                               ^\ncamelCaser_tests.c:27:31: note: (near initialization for \u2018sol2\u2019)\nmake: *** [camelCaser_tests.o] Error 1\n", 
        "name": "Function3", 
        "ptsPossible": 1.0
      }, 
      {
        "description": "Mysterious camelCaser implementation...", 
        "ptsEarned": 0.0, 
        "log": "Trying to compile your code...\nFAILED TO COMPILE!\ncamelCaser_tests.c: In function \u2018test_camelCaser\u2019:\ncamelCaser_tests.c:24:27: error: excess elements in char array initializer\n  char sol1[] = {\"heyLet\", \"sCamelcase\", NULL};\n                           ^\ncamelCaser_tests.c:24:27: note: (near initialization for \u2018sol1\u2019)\nIn file included from /usr/include/string.h:32:0,\n                 from camelCaser_tests.c:9:\ncamelCaser_tests.c:24:41: error: excess elements in struct initializer\n  char sol1[] = {\"heyLet\", \"sCamelcase\", NULL};\n                                         ^\ncamelCaser_tests.c:24:41: note: (near initialization for \u2018sol1\u2019)\ncamelCaser_tests.c:27:31: error: excess elements in struct initializer\n  char sol2[] = {\"helloWorld\", NULL};\n                               ^\ncamelCaser_tests.c:27:31: note: (near initialization for \u2018sol2\u2019)\nmake: *** [camelCaser_tests.o] Error 1\n", 
        "name": "Function4", 
        "ptsPossible": 1.0
      }, 
      {
        "description": "Mysterious camelCaser implementation...", 
        "ptsEarned": 0.0, 
        "log": "Trying to compile your code...\nFAILED TO COMPILE!\ncamelCaser_tests.c: In function \u2018test_camelCaser\u2019:\ncamelCaser_tests.c:24:27: error: excess elements in char array initializer\n  char sol1[] = {\"heyLet\", \"sCamelcase\", NULL};\n                           ^\ncamelCaser_tests.c:24:27: note: (near initialization for \u2018sol1\u2019)\nIn file included from /usr/include/string.h:32:0,\n                 from camelCaser_tests.c:9:\ncamelCaser_tests.c:24:41: error: excess elements in struct initializer\n  char sol1[] = {\"heyLet\", \"sCamelcase\", NULL};\n                                         ^\ncamelCaser_tests.c:24:41: note: (near initialization for \u2018sol1\u2019)\ncamelCaser_tests.c:27:31: error: excess elements in struct initializer\n  char sol2[] = {\"helloWorld\", NULL};\n                               ^\ncamelCaser_tests.c:27:31: note: (near initialization for \u2018sol2\u2019)\nmake: *** [camelCaser_tests.o] Error 1\n", 
        "name": "Function5", 
        "ptsPossible": 1.0
      }, 
      {
        "description": "Mysterious camelCaser implementation...", 
        "ptsEarned": 0.0, 
        "log": "Trying to compile your code...\nFAILED TO COMPILE!\ncamelCaser_tests.c: In function \u2018test_camelCaser\u2019:\ncamelCaser_tests.c:24:27: error: excess elements in char array initializer\n  char sol1[] = {\"heyLet\", \"sCamelcase\", NULL};\n                           ^\ncamelCaser_tests.c:24:27: note: (near initialization for \u2018sol1\u2019)\nIn file included from /usr/include/string.h:32:0,\n                 from camelCaser_tests.c:9:\ncamelCaser_tests.c:24:41: error: excess elements in struct initializer\n  char sol1[] = {\"heyLet\", \"sCamelcase\", NULL};\n                                         ^\ncamelCaser_tests.c:24:41: note: (near initialization for \u2018sol1\u2019)\ncamelCaser_tests.c:27:31: error: excess elements in struct initializer\n  char sol2[] = {\"helloWorld\", NULL};\n                               ^\ncamelCaser_tests.c:27:31: note: (near initialization for \u2018sol2\u2019)\nmake: *** [camelCaser_tests.o] Error 1\n", 
        "name": "Function6", 
        "ptsPossible": 1.0
      }, 
      {
        "description": "Mysterious camelCaser implementation...", 
        "ptsEarned": 0.0, 
        "log": "Trying to compile your code...\nFAILED TO COMPILE!\ncamelCaser_tests.c: In function \u2018test_camelCaser\u2019:\ncamelCaser_tests.c:24:27: error: excess elements in char array initializer\n  char sol1[] = {\"heyLet\", \"sCamelcase\", NULL};\n                           ^\ncamelCaser_tests.c:24:27: note: (near initialization for \u2018sol1\u2019)\nIn file included from /usr/include/string.h:32:0,\n                 from camelCaser_tests.c:9:\ncamelCaser_tests.c:24:41: error: excess elements in struct initializer\n  char sol1[] = {\"heyLet\", \"sCamelcase\", NULL};\n                                         ^\ncamelCaser_tests.c:24:41: note: (near initialization for \u2018sol1\u2019)\ncamelCaser_tests.c:27:31: error: excess elements in struct initializer\n  char sol2[] = {\"helloWorld\", NULL};\n                               ^\ncamelCaser_tests.c:27:31: note: (near initialization for \u2018sol2\u2019)\nmake: *** [camelCaser_tests.o] Error 1\n", 
        "name": "Function7", 
        "ptsPossible": 1.0
      }, 
      {
        "description": "Mysterious camelCaser implementation...", 
        "ptsEarned": 0.0, 
        "log": "Trying to compile your code...\nFAILED TO COMPILE!\ncamelCaser_tests.c: In function \u2018test_camelCaser\u2019:\ncamelCaser_tests.c:24:27: error: excess elements in char array initializer\n  char sol1[] = {\"heyLet\", \"sCamelcase\", NULL};\n                           ^\ncamelCaser_tests.c:24:27: note: (near initialization for \u2018sol1\u2019)\nIn file included from /usr/include/string.h:32:0,\n                 from camelCaser_tests.c:9:\ncamelCaser_tests.c:24:41: error: excess elements in struct initializer\n  char sol1[] = {\"heyLet\", \"sCamelcase\", NULL};\n                                         ^\ncamelCaser_tests.c:24:41: note: (near initialization for \u2018sol1\u2019)\ncamelCaser_tests.c:27:31: error: excess elements in struct initializer\n  char sol2[] = {\"helloWorld\", NULL};\n                               ^\ncamelCaser_tests.c:27:31: note: (near initialization for \u2018sol2\u2019)\nmake: *** [camelCaser_tests.o] Error 1\n", 
        "name": "Function8", 
        "ptsPossible": 1.0
      }, 
      {
        "description": "Mysterious camelCaser implementation...", 
        "ptsEarned": 0.0, 
        "log": "Trying to compile your code...\nFAILED TO COMPILE!\ncamelCaser_tests.c: In function \u2018test_camelCaser\u2019:\ncamelCaser_tests.c:24:27: error: excess elements in char array initializer\n  char sol1[] = {\"heyLet\", \"sCamelcase\", NULL};\n                           ^\ncamelCaser_tests.c:24:27: note: (near initialization for \u2018sol1\u2019)\nIn file included from /usr/include/string.h:32:0,\n                 from camelCaser_tests.c:9:\ncamelCaser_tests.c:24:41: error: excess elements in struct initializer\n  char sol1[] = {\"heyLet\", \"sCamelcase\", NULL};\n                                         ^\ncamelCaser_tests.c:24:41: note: (near initialization for \u2018sol1\u2019)\ncamelCaser_tests.c:27:31: error: excess elements in struct initializer\n  char sol2[] = {\"helloWorld\", NULL};\n                               ^\ncamelCaser_tests.c:27:31: note: (near initialization for \u2018sol2\u2019)\nmake: *** [camelCaser_tests.o] Error 1\n", 
        "name": "Function9", 
        "ptsPossible": 1.0
      }, 
      {
        "description": "Mysterious camelCaser implementation...", 
        "ptsEarned": 0.0, 
        "log": "Trying to compile your code...\nFAILED TO COMPILE!\ncamelCaser_tests.c: In function \u2018test_camelCaser\u2019:\ncamelCaser_tests.c:24:27: error: excess elements in char array initializer\n  char sol1[] = {\"heyLet\", \"sCamelcase\", NULL};\n                           ^\ncamelCaser_tests.c:24:27: note: (near initialization for \u2018sol1\u2019)\nIn file included from /usr/include/string.h:32:0,\n                 from camelCaser_tests.c:9:\ncamelCaser_tests.c:24:41: error: excess elements in struct initializer\n  char sol1[] = {\"heyLet\", \"sCamelcase\", NULL};\n                                         ^\ncamelCaser_tests.c:24:41: note: (near initialization for \u2018sol1\u2019)\ncamelCaser_tests.c:27:31: error: excess elements in struct initializer\n  char sol2[] = {\"helloWorld\", NULL};\n                               ^\ncamelCaser_tests.c:27:31: note: (near initialization for \u2018sol2\u2019)\nmake: *** [camelCaser_tests.o] Error 1\n", 
        "name": "Function10", 
        "ptsPossible": 1.0
      }
    ], 
    "checksum": "b670beb1f21092c3c7066d71e5a6b7a129f48c94  camelCaser.c\n0f16e85b589ae49e8517ad9f20e1fc03aefbb720  camelCaser_tests.c", 
    "revision": "5079"
  }, 
  {
    "timestamp": "2016-09-05 12:00:00.778602", 
    "testcases": [
      {
        "log": "Trying to compile your code...\nSuccessfully compiled your code..", 
        "ptsEarned": 1.0, 
        "ptsPossible": 1.0, 
        "name": "implementationNullTerminated", 
        "description": "Test that camelCaser returns NULL when given NULL"
      }, 
      {
        "log": "Trying to compile your code...\nSuccessfully compiled your code..\nFailed test", 
        "ptsEarned": 0.0, 
        "ptsPossible": 1.0, 
        "name": "implementationLastElementNull", 
        "description": "Test that camelCaser returns an array that is null terminated"
      }, 
      {
        "log": "Trying to compile your code...\nSuccessfully compiled your code..\nFailed test", 
        "ptsEarned": 0.0, 
        "ptsPossible": 1.0, 
        "name": "implementationCorrectNumberSentences", 
        "description": "Test that camelCaser returns an array with the correct number of elements"
      }, 
      {
        "log": "Trying to compile your code...\nSuccessfully compiled your code..\nFailed test", 
        "ptsEarned": 0.0, 
        "ptsPossible": 1.0, 
        "name": "implementationCorrectNumberWords", 
        "description": "Test that camelCaser returns an array with elements that are the correct length"
      }, 
      {
        "log": "Trying to compile your code...\nSuccessfully compiled your code..\nFailed test", 
        "ptsEarned": 0.0, 
        "ptsPossible": 1.0, 
        "name": "implementationCorrectCapitals", 
        "description": "Test that camelCaser returns sentences with the correct capitalization"
      }, 
      {
        "log": "Trying to compile your code...\nSuccessfully compiled your code..\nFailed test", 
        "ptsEarned": 0.0, 
        "ptsPossible": 1.0, 
        "name": "implementationMultiplePunc", 
        "description": "Test that camelCaser returns a correct array with edge case punctuation and spaces"
      }, 
      {
        "log": "Trying to compile your code...\nSuccessfully compiled your code..\nFailed test", 
        "ptsEarned": 0.0, 
        "ptsPossible": 1.0, 
        "name": "implementationIncompleteSentences", 
        "description": "Test that camelCaser returns output where incomplete sentences are ignored"
      }, 
      {
        "log": "Trying to compile your code...\nFAILED TO COMPILE!\ncamelCaser_tests.c: In function \u2018test_camelCaser\u2019:\ncamelCaser_tests.c:24:27: error: excess elements in char array initializer\n  char sol1[] = {\"heyLet\", \"sCamelcase\", NULL};\n                           ^\ncamelCaser_tests.c:24:27: note: (near initialization for \u2018sol1\u2019)\nIn file included from /usr/include/string.h:32:0,\n                 from camelCaser_tests.c:9:\ncamelCaser_tests.c:24:41: error: excess elements in struct initializer\n  char sol1[] = {\"heyLet\", \"sCamelcase\", NULL};\n                                         ^\ncamelCaser_tests.c:24:41: note: (near initialization for \u2018sol1\u2019)\ncamelCaser_tests.c:27:31: error: excess elements in struct initializer\n  char sol2[] = {\"helloWorld\", NULL};\n                               ^\ncamelCaser_tests.c:27:31: note: (near initialization for \u2018sol2\u2019)\nmake: *** [camelCaser_tests.o] Error 1\n", 
        "ptsEarned": 0.0, 
        "ptsPossible": 1.0, 
        "name": "Function1", 
        "description": "Mysterious camelCaser implementation..."
      }, 
      {
        "log": "Trying to compile your code...\nFAILED TO COMPILE!\ncamelCaser_tests.c: In function \u2018test_camelCaser\u2019:\ncamelCaser_tests.c:24:27: error: excess elements in char array initializer\n  char sol1[] = {\"heyLet\", \"sCamelcase\", NULL};\n                           ^\ncamelCaser_tests.c:24:27: note: (near initialization for \u2018sol1\u2019)\nIn file included from /usr/include/string.h:32:0,\n                 from camelCaser_tests.c:9:\ncamelCaser_tests.c:24:41: error: excess elements in struct initializer\n  char sol1[] = {\"heyLet\", \"sCamelcase\", NULL};\n                                         ^\ncamelCaser_tests.c:24:41: note: (near initialization for \u2018sol1\u2019)\ncamelCaser_tests.c:27:31: error: excess elements in struct initializer\n  char sol2[] = {\"helloWorld\", NULL};\n                               ^\ncamelCaser_tests.c:27:31: note: (near initialization for \u2018sol2\u2019)\nmake: *** [camelCaser_tests.o] Error 1\n", 
        "ptsEarned": 0.0, 
        "ptsPossible": 1.0, 
        "name": "Function2", 
        "description": "Mysterious camelCaser implementation..."
      }, 
      {
        "log": "Trying to compile your code...\nFAILED TO COMPILE!\ncc_no_end_null.c: In function \u2018camel_caser\u2019:\ncc_no_end_null.c:29:34: warning: assignment makes pointer from integer without a cast [-Wint-conversion]\n     result_array[sentence_count] = 'o'; // Bad Code\n                                  ^\ncamelCaser_tests.c: In function \u2018test_camelCaser\u2019:\ncamelCaser_tests.c:24:27: error: excess elements in char array initializer\n  char sol1[] = {\"heyLet\", \"sCamelcase\", NULL};\n                           ^\ncamelCaser_tests.c:24:27: note: (near initialization for \u2018sol1\u2019)\nIn file included from /usr/include/string.h:32:0,\n                 from camelCaser_tests.c:9:\ncamelCaser_tests.c:24:41: error: excess elements in struct initializer\n  char sol1[] = {\"heyLet\", \"sCamelcase\", NULL};\n                                         ^\ncamelCaser_tests.c:24:41: note: (near initialization for \u2018sol1\u2019)\ncamelCaser_tests.c:27:31: error: excess elements in struct initializer\n  char sol2[] = {\"helloWorld\", NULL};\n                               ^\ncamelCaser_tests.c:27:31: note: (near initialization for \u2018sol2\u2019)\nmake: *** [camelCaser_tests.o] Error 1\n", 
        "ptsEarned": 0.0, 
        "ptsPossible": 1.0, 
        "name": "Function3", 
        "description": "Mysterious camelCaser implementation..."
      }, 
      {
        "log": "Trying to compile your code...\nFAILED TO COMPILE!\ncamelCaser_tests.c: In function \u2018test_camelCaser\u2019:\ncamelCaser_tests.c:24:27: error: excess elements in char array initializer\n  char sol1[] = {\"heyLet\", \"sCamelcase\", NULL};\n                           ^\ncamelCaser_tests.c:24:27: note: (near initialization for \u2018sol1\u2019)\nIn file included from /usr/include/string.h:32:0,\n                 from camelCaser_tests.c:9:\ncamelCaser_tests.c:24:41: error: excess elements in struct initializer\n  char sol1[] = {\"heyLet\", \"sCamelcase\", NULL};\n                                         ^\ncamelCaser_tests.c:24:41: note: (near initialization for \u2018sol1\u2019)\ncamelCaser_tests.c:27:31: error: excess elements in struct initializer\n  char sol2[] = {\"helloWorld\", NULL};\n                               ^\ncamelCaser_tests.c:27:31: note: (near initialization for \u2018sol2\u2019)\nmake: *** [camelCaser_tests.o] Error 1\n", 
        "ptsEarned": 0.0, 
        "ptsPossible": 1.0, 
        "name": "Function4", 
        "description": "Mysterious camelCaser implementation..."
      }, 
      {
        "log": "Trying to compile your code...\nFAILED TO COMPILE!\ncamelCaser_tests.c: In function \u2018test_camelCaser\u2019:\ncamelCaser_tests.c:24:27: error: excess elements in char array initializer\n  char sol1[] = {\"heyLet\", \"sCamelcase\", NULL};\n                           ^\ncamelCaser_tests.c:24:27: note: (near initialization for \u2018sol1\u2019)\nIn file included from /usr/include/string.h:32:0,\n                 from camelCaser_tests.c:9:\ncamelCaser_tests.c:24:41: error: excess elements in struct initializer\n  char sol1[] = {\"heyLet\", \"sCamelcase\", NULL};\n                                         ^\ncamelCaser_tests.c:24:41: note: (near initialization for \u2018sol1\u2019)\ncamelCaser_tests.c:27:31: error: excess elements in struct initializer\n  char sol2[] = {\"helloWorld\", NULL};\n                               ^\ncamelCaser_tests.c:27:31: note: (near initialization for \u2018sol2\u2019)\nmake: *** [camelCaser_tests.o] Error 1\n", 
        "ptsEarned": 0.0, 
        "ptsPossible": 1.0, 
        "name": "Function5", 
        "description": "Mysterious camelCaser implementation..."
      }, 
      {
        "log": "Trying to compile your code...\nFAILED TO COMPILE!\ncamelCaser_tests.c: In function \u2018test_camelCaser\u2019:\ncamelCaser_tests.c:24:27: error: excess elements in char array initializer\n  char sol1[] = {\"heyLet\", \"sCamelcase\", NULL};\n                           ^\ncamelCaser_tests.c:24:27: note: (near initialization for \u2018sol1\u2019)\nIn file included from /usr/include/string.h:32:0,\n                 from camelCaser_tests.c:9:\ncamelCaser_tests.c:24:41: error: excess elements in struct initializer\n  char sol1[] = {\"heyLet\", \"sCamelcase\", NULL};\n                                         ^\ncamelCaser_tests.c:24:41: note: (near initialization for \u2018sol1\u2019)\ncamelCaser_tests.c:27:31: error: excess elements in struct initializer\n  char sol2[] = {\"helloWorld\", NULL};\n                               ^\ncamelCaser_tests.c:27:31: note: (near initialization for \u2018sol2\u2019)\nmake: *** [camelCaser_tests.o] Error 1\n", 
        "ptsEarned": 0.0, 
        "ptsPossible": 1.0, 
        "name": "Function6", 
        "description": "Mysterious camelCaser implementation..."
      }, 
      {
        "log": "Trying to compile your code...\nFAILED TO COMPILE!\ncamelCaser_tests.c: In function \u2018test_camelCaser\u2019:\ncamelCaser_tests.c:24:27: error: excess elements in char array initializer\n  char sol1[] = {\"heyLet\", \"sCamelcase\", NULL};\n                           ^\ncamelCaser_tests.c:24:27: note: (near initialization for \u2018sol1\u2019)\nIn file included from /usr/include/string.h:32:0,\n                 from camelCaser_tests.c:9:\ncamelCaser_tests.c:24:41: error: excess elements in struct initializer\n  char sol1[] = {\"heyLet\", \"sCamelcase\", NULL};\n                                         ^\ncamelCaser_tests.c:24:41: note: (near initialization for \u2018sol1\u2019)\ncamelCaser_tests.c:27:31: error: excess elements in struct initializer\n  char sol2[] = {\"helloWorld\", NULL};\n                               ^\ncamelCaser_tests.c:27:31: note: (near initialization for \u2018sol2\u2019)\nmake: *** [camelCaser_tests.o] Error 1\n", 
        "ptsEarned": 0.0, 
        "ptsPossible": 1.0, 
        "name": "Function7", 
        "description": "Mysterious camelCaser implementation..."
      }, 
      {
        "log": "Trying to compile your code...\nFAILED TO COMPILE!\ncamelCaser_tests.c: In function \u2018test_camelCaser\u2019:\ncamelCaser_tests.c:24:27: error: excess elements in char array initializer\n  char sol1[] = {\"heyLet\", \"sCamelcase\", NULL};\n                           ^\ncamelCaser_tests.c:24:27: note: (near initialization for \u2018sol1\u2019)\nIn file included from /usr/include/string.h:32:0,\n                 from camelCaser_tests.c:9:\ncamelCaser_tests.c:24:41: error: excess elements in struct initializer\n  char sol1[] = {\"heyLet\", \"sCamelcase\", NULL};\n                                         ^\ncamelCaser_tests.c:24:41: note: (near initialization for \u2018sol1\u2019)\ncamelCaser_tests.c:27:31: error: excess elements in struct initializer\n  char sol2[] = {\"helloWorld\", NULL};\n                               ^\ncamelCaser_tests.c:27:31: note: (near initialization for \u2018sol2\u2019)\nmake: *** [camelCaser_tests.o] Error 1\n", 
        "ptsEarned": 0.0, 
        "ptsPossible": 1.0, 
        "name": "Function8", 
        "description": "Mysterious camelCaser implementation..."
      }, 
      {
        "log": "Trying to compile your code...\nFAILED TO COMPILE!\ncamelCaser_tests.c: In function \u2018test_camelCaser\u2019:\ncamelCaser_tests.c:24:27: error: excess elements in char array initializer\n  char sol1[] = {\"heyLet\", \"sCamelcase\", NULL};\n                           ^\ncamelCaser_tests.c:24:27: note: (near initialization for \u2018sol1\u2019)\nIn file included from /usr/include/string.h:32:0,\n                 from camelCaser_tests.c:9:\ncamelCaser_tests.c:24:41: error: excess elements in struct initializer\n  char sol1[] = {\"heyLet\", \"sCamelcase\", NULL};\n                                         ^\ncamelCaser_tests.c:24:41: note: (near initialization for \u2018sol1\u2019)\ncamelCaser_tests.c:27:31: error: excess elements in struct initializer\n  char sol2[] = {\"helloWorld\", NULL};\n                               ^\ncamelCaser_tests.c:27:31: note: (near initialization for \u2018sol2\u2019)\nmake: *** [camelCaser_tests.o] Error 1\n", 
        "ptsEarned": 0.0, 
        "ptsPossible": 1.0, 
        "name": "Function9", 
        "description": "Mysterious camelCaser implementation..."
      }, 
      {
        "log": "Trying to compile your code...\nFAILED TO COMPILE!\ncamelCaser_tests.c: In function \u2018test_camelCaser\u2019:\ncamelCaser_tests.c:24:27: error: excess elements in char array initializer\n  char sol1[] = {\"heyLet\", \"sCamelcase\", NULL};\n                           ^\ncamelCaser_tests.c:24:27: note: (near initialization for \u2018sol1\u2019)\nIn file included from /usr/include/string.h:32:0,\n                 from camelCaser_tests.c:9:\ncamelCaser_tests.c:24:41: error: excess elements in struct initializer\n  char sol1[] = {\"heyLet\", \"sCamelcase\", NULL};\n                                         ^\ncamelCaser_tests.c:24:41: note: (near initialization for \u2018sol1\u2019)\ncamelCaser_tests.c:27:31: error: excess elements in struct initializer\n  char sol2[] = {\"helloWorld\", NULL};\n                               ^\ncamelCaser_tests.c:27:31: note: (near initialization for \u2018sol2\u2019)\nmake: *** [camelCaser_tests.o] Error 1\n", 
        "ptsEarned": 0.0, 
        "ptsPossible": 1.0, 
        "name": "Function10", 
        "description": "Mysterious camelCaser implementation..."
      }
    ], 
    "revision": "6394", 
    "checksum": "b670beb1f21092c3c7066d71e5a6b7a129f48c94  camelCaser.c\n0f16e85b589ae49e8517ad9f20e1fc03aefbb720  camelCaser_tests.c"
  }, 
  {
    "timestamp": "2016-09-06 12:00:00.771462", 
    "testcases": [
      {
        "ptsPossible": 1.0, 
        "ptsEarned": 1.0, 
        "description": "Test that camelCaser returns NULL when given NULL", 
        "name": "implementationNullTerminated", 
        "log": "Trying to compile your code...\nSuccessfully compiled your code.."
      }, 
      {
        "ptsPossible": 1.0, 
        "ptsEarned": 0.0, 
        "description": "Test that camelCaser returns an array that is null terminated", 
        "name": "implementationLastElementNull", 
        "log": "Trying to compile your code...\nSuccessfully compiled your code..\nFailed test"
      }, 
      {
        "ptsPossible": 1.0, 
        "ptsEarned": 0.0, 
        "description": "Test that camelCaser returns an array with the correct number of elements", 
        "name": "implementationCorrectNumberSentences", 
        "log": "Trying to compile your code...\nSuccessfully compiled your code..\nFailed test"
      }, 
      {
        "ptsPossible": 1.0, 
        "ptsEarned": 0.0, 
        "description": "Test that camelCaser returns an array with elements that are the correct length", 
        "name": "implementationCorrectNumberWords", 
        "log": "Trying to compile your code...\nSuccessfully compiled your code..\nFailed test"
      }, 
      {
        "ptsPossible": 1.0, 
        "ptsEarned": 0.0, 
        "description": "Test that camelCaser returns sentences with the correct capitalization", 
        "name": "implementationCorrectCapitals", 
        "log": "Trying to compile your code...\nSuccessfully compiled your code..\nFailed test"
      }, 
      {
        "ptsPossible": 1.0, 
        "ptsEarned": 0.0, 
        "description": "Test that camelCaser returns a correct array with edge case punctuation and spaces", 
        "name": "implementationMultiplePunc", 
        "log": "Trying to compile your code...\nSuccessfully compiled your code..\nFailed test"
      }, 
      {
        "ptsPossible": 1.0, 
        "ptsEarned": 0.0, 
        "description": "Test that camelCaser returns output where incomplete sentences are ignored", 
        "name": "implementationIncompleteSentences", 
        "log": "Trying to compile your code...\nSuccessfully compiled your code..\nFailed test"
      }, 
      {
        "ptsPossible": 1.0, 
        "ptsEarned": 0.0, 
        "description": "Mysterious camelCaser implementation...", 
        "name": "Function1", 
        "log": "Trying to compile your code...\nFAILED TO COMPILE!\ncamelCaser_tests.c: In function \u2018test_camelCaser\u2019:\ncamelCaser_tests.c:24:27: error: excess elements in char array initializer\n  char sol1[] = {\"heyLet\", \"sCamelcase\", NULL};\n                           ^\ncamelCaser_tests.c:24:27: note: (near initialization for \u2018sol1\u2019)\nIn file included from /usr/include/string.h:32:0,\n                 from camelCaser_tests.c:9:\ncamelCaser_tests.c:24:41: error: excess elements in struct initializer\n  char sol1[] = {\"heyLet\", \"sCamelcase\", NULL};\n                                         ^\ncamelCaser_tests.c:24:41: note: (near initialization for \u2018sol1\u2019)\ncamelCaser_tests.c:27:31: error: excess elements in struct initializer\n  char sol2[] = {\"helloWorld\", NULL};\n                               ^\ncamelCaser_tests.c:27:31: note: (near initialization for \u2018sol2\u2019)\nmake: *** [camelCaser_tests.o] Error 1\n"
      }, 
      {
        "ptsPossible": 1.0, 
        "ptsEarned": 0.0, 
        "description": "Mysterious camelCaser implementation...", 
        "name": "Function2", 
        "log": "Trying to compile your code...\nFAILED TO COMPILE!\ncamelCaser_tests.c: In function \u2018test_camelCaser\u2019:\ncamelCaser_tests.c:24:27: error: excess elements in char array initializer\n  char sol1[] = {\"heyLet\", \"sCamelcase\", NULL};\n                           ^\ncamelCaser_tests.c:24:27: note: (near initialization for \u2018sol1\u2019)\nIn file included from /usr/include/string.h:32:0,\n                 from camelCaser_tests.c:9:\ncamelCaser_tests.c:24:41: error: excess elements in struct initializer\n  char sol1[] = {\"heyLet\", \"sCamelcase\", NULL};\n                                         ^\ncamelCaser_tests.c:24:41: note: (near initialization for \u2018sol1\u2019)\ncamelCaser_tests.c:27:31: error: excess elements in struct initializer\n  char sol2[] = {\"helloWorld\", NULL};\n                               ^\ncamelCaser_tests.c:27:31: note: (near initialization for \u2018sol2\u2019)\nmake: *** [camelCaser_tests.o] Error 1\n"
      }, 
      {
        "ptsPossible": 1.0, 
        "ptsEarned": 0.0, 
        "description": "Mysterious camelCaser implementation...", 
        "name": "Function3", 
        "log": "Trying to compile your code...\nFAILED TO COMPILE!\ncc_no_end_null.c: In function \u2018camel_caser\u2019:\ncc_no_end_null.c:29:34: warning: assignment makes pointer from integer without a cast [-Wint-conversion]\n     result_array[sentence_count] = 'o'; // Bad Code\n                                  ^\ncamelCaser_tests.c: In function \u2018test_camelCaser\u2019:\ncamelCaser_tests.c:24:27: error: excess elements in char array initializer\n  char sol1[] = {\"heyLet\", \"sCamelcase\", NULL};\n                           ^\ncamelCaser_tests.c:24:27: note: (near initialization for \u2018sol1\u2019)\nIn file included from /usr/include/string.h:32:0,\n                 from camelCaser_tests.c:9:\ncamelCaser_tests.c:24:41: error: excess elements in struct initializer\n  char sol1[] = {\"heyLet\", \"sCamelcase\", NULL};\n                                         ^\ncamelCaser_tests.c:24:41: note: (near initialization for \u2018sol1\u2019)\ncamelCaser_tests.c:27:31: error: excess elements in struct initializer\n  char sol2[] = {\"helloWorld\", NULL};\n                               ^\ncamelCaser_tests.c:27:31: note: (near initialization for \u2018sol2\u2019)\nmake: *** [camelCaser_tests.o] Error 1\n"
      }, 
      {
        "ptsPossible": 1.0, 
        "ptsEarned": 0.0, 
        "description": "Mysterious camelCaser implementation...", 
        "name": "Function4", 
        "log": "Trying to compile your code...\nFAILED TO COMPILE!\ncamelCaser_tests.c: In function \u2018test_camelCaser\u2019:\ncamelCaser_tests.c:24:27: error: excess elements in char array initializer\n  char sol1[] = {\"heyLet\", \"sCamelcase\", NULL};\n                           ^\ncamelCaser_tests.c:24:27: note: (near initialization for \u2018sol1\u2019)\nIn file included from /usr/include/string.h:32:0,\n                 from camelCaser_tests.c:9:\ncamelCaser_tests.c:24:41: error: excess elements in struct initializer\n  char sol1[] = {\"heyLet\", \"sCamelcase\", NULL};\n                                         ^\ncamelCaser_tests.c:24:41: note: (near initialization for \u2018sol1\u2019)\ncamelCaser_tests.c:27:31: error: excess elements in struct initializer\n  char sol2[] = {\"helloWorld\", NULL};\n                               ^\ncamelCaser_tests.c:27:31: note: (near initialization for \u2018sol2\u2019)\nmake: *** [camelCaser_tests.o] Error 1\n"
      }, 
      {
        "ptsPossible": 1.0, 
        "ptsEarned": 0.0, 
        "description": "Mysterious camelCaser implementation...", 
        "name": "Function5", 
        "log": "Trying to compile your code...\nFAILED TO COMPILE!\ncamelCaser_tests.c: In function \u2018test_camelCaser\u2019:\ncamelCaser_tests.c:24:27: error: excess elements in char array initializer\n  char sol1[] = {\"heyLet\", \"sCamelcase\", NULL};\n                           ^\ncamelCaser_tests.c:24:27: note: (near initialization for \u2018sol1\u2019)\nIn file included from /usr/include/string.h:32:0,\n                 from camelCaser_tests.c:9:\ncamelCaser_tests.c:24:41: error: excess elements in struct initializer\n  char sol1[] = {\"heyLet\", \"sCamelcase\", NULL};\n                                         ^\ncamelCaser_tests.c:24:41: note: (near initialization for \u2018sol1\u2019)\ncamelCaser_tests.c:27:31: error: excess elements in struct initializer\n  char sol2[] = {\"helloWorld\", NULL};\n                               ^\ncamelCaser_tests.c:27:31: note: (near initialization for \u2018sol2\u2019)\nmake: *** [camelCaser_tests.o] Error 1\n"
      }, 
      {
        "ptsPossible": 1.0, 
        "ptsEarned": 0.0, 
        "description": "Mysterious camelCaser implementation...", 
        "name": "Function6", 
        "log": "Trying to compile your code...\nFAILED TO COMPILE!\ncamelCaser_tests.c: In function \u2018test_camelCaser\u2019:\ncamelCaser_tests.c:24:27: error: excess elements in char array initializer\n  char sol1[] = {\"heyLet\", \"sCamelcase\", NULL};\n                           ^\ncamelCaser_tests.c:24:27: note: (near initialization for \u2018sol1\u2019)\nIn file included from /usr/include/string.h:32:0,\n                 from camelCaser_tests.c:9:\ncamelCaser_tests.c:24:41: error: excess elements in struct initializer\n  char sol1[] = {\"heyLet\", \"sCamelcase\", NULL};\n                                         ^\ncamelCaser_tests.c:24:41: note: (near initialization for \u2018sol1\u2019)\ncamelCaser_tests.c:27:31: error: excess elements in struct initializer\n  char sol2[] = {\"helloWorld\", NULL};\n                               ^\ncamelCaser_tests.c:27:31: note: (near initialization for \u2018sol2\u2019)\nmake: *** [camelCaser_tests.o] Error 1\n"
      }, 
      {
        "ptsPossible": 1.0, 
        "ptsEarned": 0.0, 
        "description": "Mysterious camelCaser implementation...", 
        "name": "Function7", 
        "log": "Trying to compile your code...\nFAILED TO COMPILE!\ncamelCaser_tests.c: In function \u2018test_camelCaser\u2019:\ncamelCaser_tests.c:24:27: error: excess elements in char array initializer\n  char sol1[] = {\"heyLet\", \"sCamelcase\", NULL};\n                           ^\ncamelCaser_tests.c:24:27: note: (near initialization for \u2018sol1\u2019)\nIn file included from /usr/include/string.h:32:0,\n                 from camelCaser_tests.c:9:\ncamelCaser_tests.c:24:41: error: excess elements in struct initializer\n  char sol1[] = {\"heyLet\", \"sCamelcase\", NULL};\n                                         ^\ncamelCaser_tests.c:24:41: note: (near initialization for \u2018sol1\u2019)\ncamelCaser_tests.c:27:31: error: excess elements in struct initializer\n  char sol2[] = {\"helloWorld\", NULL};\n                               ^\ncamelCaser_tests.c:27:31: note: (near initialization for \u2018sol2\u2019)\nmake: *** [camelCaser_tests.o] Error 1\n"
      }, 
      {
        "ptsPossible": 1.0, 
        "ptsEarned": 0.0, 
        "description": "Mysterious camelCaser implementation...", 
        "name": "Function8", 
        "log": "Trying to compile your code...\nFAILED TO COMPILE!\ncamelCaser_tests.c: In function \u2018test_camelCaser\u2019:\ncamelCaser_tests.c:24:27: error: excess elements in char array initializer\n  char sol1[] = {\"heyLet\", \"sCamelcase\", NULL};\n                           ^\ncamelCaser_tests.c:24:27: note: (near initialization for \u2018sol1\u2019)\nIn file included from /usr/include/string.h:32:0,\n                 from camelCaser_tests.c:9:\ncamelCaser_tests.c:24:41: error: excess elements in struct initializer\n  char sol1[] = {\"heyLet\", \"sCamelcase\", NULL};\n                                         ^\ncamelCaser_tests.c:24:41: note: (near initialization for \u2018sol1\u2019)\ncamelCaser_tests.c:27:31: error: excess elements in struct initializer\n  char sol2[] = {\"helloWorld\", NULL};\n                               ^\ncamelCaser_tests.c:27:31: note: (near initialization for \u2018sol2\u2019)\nmake: *** [camelCaser_tests.o] Error 1\n"
      }, 
      {
        "ptsPossible": 1.0, 
        "ptsEarned": 0.0, 
        "description": "Mysterious camelCaser implementation...", 
        "name": "Function9", 
        "log": "Trying to compile your code...\nFAILED TO COMPILE!\ncamelCaser_tests.c: In function \u2018test_camelCaser\u2019:\ncamelCaser_tests.c:24:27: error: excess elements in char array initializer\n  char sol1[] = {\"heyLet\", \"sCamelcase\", NULL};\n                           ^\ncamelCaser_tests.c:24:27: note: (near initialization for \u2018sol1\u2019)\nIn file included from /usr/include/string.h:32:0,\n                 from camelCaser_tests.c:9:\ncamelCaser_tests.c:24:41: error: excess elements in struct initializer\n  char sol1[] = {\"heyLet\", \"sCamelcase\", NULL};\n                                         ^\ncamelCaser_tests.c:24:41: note: (near initialization for \u2018sol1\u2019)\ncamelCaser_tests.c:27:31: error: excess elements in struct initializer\n  char sol2[] = {\"helloWorld\", NULL};\n                               ^\ncamelCaser_tests.c:27:31: note: (near initialization for \u2018sol2\u2019)\nmake: *** [camelCaser_tests.o] Error 1\n"
      }, 
      {
        "ptsPossible": 1.0, 
        "ptsEarned": 0.0, 
        "description": "Mysterious camelCaser implementation...", 
        "name": "Function10", 
        "log": "Trying to compile your code...\nFAILED TO COMPILE!\ncamelCaser_tests.c: In function \u2018test_camelCaser\u2019:\ncamelCaser_tests.c:24:27: error: excess elements in char array initializer\n  char sol1[] = {\"heyLet\", \"sCamelcase\", NULL};\n                           ^\ncamelCaser_tests.c:24:27: note: (near initialization for \u2018sol1\u2019)\nIn file included from /usr/include/string.h:32:0,\n                 from camelCaser_tests.c:9:\ncamelCaser_tests.c:24:41: error: excess elements in struct initializer\n  char sol1[] = {\"heyLet\", \"sCamelcase\", NULL};\n                                         ^\ncamelCaser_tests.c:24:41: note: (near initialization for \u2018sol1\u2019)\ncamelCaser_tests.c:27:31: error: excess elements in struct initializer\n  char sol2[] = {\"helloWorld\", NULL};\n                               ^\ncamelCaser_tests.c:27:31: note: (near initialization for \u2018sol2\u2019)\nmake: *** [camelCaser_tests.o] Error 1\n"
      }
    ], 
    "checksum": "b670beb1f21092c3c7066d71e5a6b7a129f48c94  camelCaser.c\n0f16e85b589ae49e8517ad9f20e1fc03aefbb720  camelCaser_tests.c", 
    "revision": "8217"
  }, 
  {
    "timestamp": "2016-09-07 12:00:00.773773", 
    "testcases": [
      {
        "description": "Test that camelCaser returns NULL when given NULL", 
        "ptsEarned": 1.0, 
        "log": "Trying to compile your code...\nSuccessfully compiled your code..", 
        "name": "implementationNullTerminated", 
        "ptsPossible": 1.0
      }, 
      {
        "description": "Test that camelCaser returns an array that is null terminated", 
        "ptsEarned": 1.0, 
        "log": "Trying to compile your code...\nSuccessfully compiled your code..", 
        "name": "implementationLastElementNull", 
        "ptsPossible": 1.0
      }, 
      {
        "description": "Test that camelCaser returns an array with the correct number of elements", 
        "ptsEarned": 1.0, 
        "log": "Trying to compile your code...\nSuccessfully compiled your code..", 
        "name": "implementationCorrectNumberSentences", 
        "ptsPossible": 1.0
      }, 
      {
        "description": "Test that camelCaser returns an array with elements that are the correct length", 
        "ptsEarned": 1.0, 
        "log": "Trying to compile your code...\nSuccessfully compiled your code..", 
        "name": "implementationCorrectNumberWords", 
        "ptsPossible": 1.0
      }, 
      {
        "description": "Test that camelCaser returns sentences with the correct capitalization", 
        "ptsEarned": 1.0, 
        "log": "Trying to compile your code...\nSuccessfully compiled your code..", 
        "name": "implementationCorrectCapitals", 
        "ptsPossible": 1.0
      }, 
      {
        "description": "Test that camelCaser returns a correct array with edge case punctuation and spaces", 
        "ptsEarned": 1.0, 
        "log": "Trying to compile your code...\nSuccessfully compiled your code..", 
        "name": "implementationMultiplePunc", 
        "ptsPossible": 1.0
      }, 
      {
        "description": "Test that camelCaser returns output where incomplete sentences are ignored", 
        "ptsEarned": 1.0, 
        "log": "Trying to compile your code...\nSuccessfully compiled your code..", 
        "name": "implementationIncompleteSentences", 
        "ptsPossible": 1.0
      }, 
      {
        "description": "Mysterious camelCaser implementation...", 
        "ptsEarned": 1.0, 
        "log": "Trying to compile your code...\nSuccessfully compiled your code..", 
        "name": "Function1", 
        "ptsPossible": 1.0
      }, 
      {
        "description": "Mysterious camelCaser implementation...", 
        "ptsEarned": 1.0, 
        "log": "Trying to compile your code...\nSuccessfully compiled your code..", 
        "name": "Function2", 
        "ptsPossible": 1.0
      }, 
      {
        "description": "Mysterious camelCaser implementation...", 
        "ptsEarned": -1.0, 
        "log": "Trying to compile your code...\nSuccessfully compiled your code..\nFailed test", 
        "name": "Function3", 
        "ptsPossible": 1.0
      }, 
      {
        "description": "Mysterious camelCaser implementation...", 
        "ptsEarned": 1.0, 
        "log": "Trying to compile your code...\nSuccessfully compiled your code..", 
        "name": "Function4", 
        "ptsPossible": 1.0
      }, 
      {
        "description": "Mysterious camelCaser implementation...", 
        "ptsEarned": -1.0, 
        "log": "Trying to compile your code...\nSuccessfully compiled your code..\nFailed test", 
        "name": "Function5", 
        "ptsPossible": 1.0
      }, 
      {
        "description": "Mysterious camelCaser implementation...", 
        "ptsEarned": -1.0, 
        "log": "Trying to compile your code...\nSuccessfully compiled your code..\nFailed test", 
        "name": "Function6", 
        "ptsPossible": 1.0
      }, 
      {
        "description": "Mysterious camelCaser implementation...", 
        "ptsEarned": 1.0, 
        "log": "Trying to compile your code...\nSuccessfully compiled your code..", 
        "name": "Function7", 
        "ptsPossible": 1.0
      }, 
      {
        "description": "Mysterious camelCaser implementation...", 
        "ptsEarned": 1.0, 
        "log": "Trying to compile your code...\nSuccessfully compiled your code..", 
        "name": "Function8", 
        "ptsPossible": 1.0
      }, 
      {
        "description": "Mysterious camelCaser implementation...", 
        "ptsEarned": -1.0, 
        "log": "Trying to compile your code...\nSuccessfully compiled your code..\nFailed test", 
        "name": "Function9", 
        "ptsPossible": 1.0
      }, 
      {
        "description": "Mysterious camelCaser implementation...", 
        "ptsEarned": -1.0, 
        "log": "Trying to compile your code...\nSuccessfully compiled your code..\nFailed test", 
        "name": "Function10", 
        "ptsPossible": 1.0
      }
    ], 
    "revision": "9674", 
    "checksum": "6d4da52066ca758709a897518a1b1bc571cfa979  camelCaser.c\ne85d7fa5081fd5daccc68c5697982d74d370f1bb  camelCaser_tests.c"
  }, 
  {
    "timestamp": "2016-09-08 00:00:00.806185", 
    "testcases": [
      {
        "log": "Trying to compile your code...\nSuccessfully compiled your code..", 
        "ptsPossible": 1.0, 
        "ptsEarned": 1.0, 
        "name": "implementationNullTerminated", 
        "description": "Test that camelCaser returns NULL when given NULL"
      }, 
      {
        "log": "Trying to compile your code...\nSuccessfully compiled your code..", 
        "ptsPossible": 1.0, 
        "ptsEarned": 1.0, 
        "name": "implementationLastElementNull", 
        "description": "Test that camelCaser returns an array that is null terminated"
      }, 
      {
        "log": "Trying to compile your code...\nSuccessfully compiled your code..", 
        "ptsPossible": 1.0, 
        "ptsEarned": 1.0, 
        "name": "implementationCorrectNumberSentences", 
        "description": "Test that camelCaser returns an array with the correct number of elements"
      }, 
      {
        "log": "Trying to compile your code...\nSuccessfully compiled your code..", 
        "ptsPossible": 1.0, 
        "ptsEarned": 1.0, 
        "name": "implementationCorrectNumberWords", 
        "description": "Test that camelCaser returns an array with elements that are the correct length"
      }, 
      {
        "log": "Trying to compile your code...\nSuccessfully compiled your code..", 
        "ptsPossible": 1.0, 
        "ptsEarned": 1.0, 
        "name": "implementationCorrectCapitals", 
        "description": "Test that camelCaser returns sentences with the correct capitalization"
      }, 
      {
        "log": "Trying to compile your code...\nSuccessfully compiled your code..", 
        "ptsPossible": 1.0, 
        "ptsEarned": 1.0, 
        "name": "implementationMultiplePunc", 
        "description": "Test that camelCaser returns a correct array with edge case punctuation and spaces"
      }, 
      {
        "log": "Trying to compile your code...\nSuccessfully compiled your code..", 
        "ptsPossible": 1.0, 
        "ptsEarned": 1.0, 
        "name": "implementationIncompleteSentences", 
        "description": "Test that camelCaser returns output where incomplete sentences are ignored"
      }, 
      {
        "log": "Trying to compile your code...\nSuccessfully compiled your code..", 
        "ptsPossible": 1.0, 
        "ptsEarned": 1.0, 
        "name": "Function1", 
        "description": "Mysterious camelCaser implementation..."
      }, 
      {
        "log": "Trying to compile your code...\nSuccessfully compiled your code..", 
        "ptsPossible": 1.0, 
        "ptsEarned": 1.0, 
        "name": "Function2", 
        "description": "Mysterious camelCaser implementation..."
      }, 
      {
        "log": "Trying to compile your code...\nSuccessfully compiled your code..", 
        "ptsPossible": 1.0, 
        "ptsEarned": 1.0, 
        "name": "Function3", 
        "description": "Mysterious camelCaser implementation..."
      }, 
      {
        "log": "Trying to compile your code...\nSuccessfully compiled your code..", 
        "ptsPossible": 1.0, 
        "ptsEarned": 1.0, 
        "name": "Function4", 
        "description": "Mysterious camelCaser implementation..."
      }, 
      {
        "log": "Trying to compile your code...\nSuccessfully compiled your code..", 
        "ptsPossible": 1.0, 
        "ptsEarned": 1.0, 
        "name": "Function5", 
        "description": "Mysterious camelCaser implementation..."
      }, 
      {
        "log": "Trying to compile your code...\nSuccessfully compiled your code..", 
        "ptsPossible": 1.0, 
        "ptsEarned": 1.0, 
        "name": "Function6", 
        "description": "Mysterious camelCaser implementation..."
      }, 
      {
        "log": "Trying to compile your code...\nSuccessfully compiled your code..", 
        "ptsPossible": 1.0, 
        "ptsEarned": 1.0, 
        "name": "Function7", 
        "description": "Mysterious camelCaser implementation..."
      }, 
      {
        "log": "Trying to compile your code...\nSuccessfully compiled your code..", 
        "ptsPossible": 1.0, 
        "ptsEarned": 1.0, 
        "name": "Function8", 
        "description": "Mysterious camelCaser implementation..."
      }, 
      {
        "log": "Trying to compile your code...\nSuccessfully compiled your code..", 
        "ptsPossible": 1.0, 
        "ptsEarned": 1.0, 
        "name": "Function9", 
        "description": "Mysterious camelCaser implementation..."
      }, 
      {
        "log": "Trying to compile your code...\nSuccessfully compiled your code..", 
        "ptsPossible": 1.0, 
        "ptsEarned": 1.0, 
        "name": "Function10", 
        "description": "Mysterious camelCaser implementation..."
      }
    ], 
    "checksum": "6d4da52066ca758709a897518a1b1bc571cfa979  camelCaser.c\n01481492cabe9cc80e066e58e1b54483dd4b0d97  camelCaser_tests.c", 
    "revision": "11254"
  }
]